<?xml version="1.0" encoding="UTF-8"?>
<!-- Generated by org.testng.reporters.JUnitXMLReporter -->
<testsuite ignored="0" hostname="Laptop" failures="0" tests="4" name="Default test" time="5.197" errors="0" timestamp="2025-03-27T01:40:38 IST">
  <testcase classname="httpRequsets.HttpRequests" name="deleteUser" time="2.765"/>
  <testcase classname="httpRequsets.HttpRequests" name="getUsers" time="0.928"/>
  <testcase classname="httpRequsets.HttpRequests" name="createUser" time="0.95"/>
  <testcase classname="httpRequsets.HttpRequests" name="updateUser" time="0.477"/>
</testsuite> <!-- Default test -->
