<?xml version="1.0" encoding="UTF-8"?>
<!-- Generated by org.testng.reporters.JUnitXMLReporter -->
<testsuite ignored="1" hostname="Laptop" failures="0" tests="1" name="Default test" time="0.476" errors="0" timestamp="2025-04-21T02:31:19 IST">
  <testcase classname="serializationDeserialization.SerializationDeserialization" name="convertJson2Pojo" time="0.406"/>
  <testcase classname="serializationDeserialization.SerializationDeserialization" name="convertPojo2Json" time="0.0">
    <ignored/>
  </testcase> <!-- convertPojo2Json -->
</testsuite> <!-- Default test -->
