<?xml version="1.0" encoding="UTF-8"?>
<testng-results ignored="0" total="1" passed="1" failed="0" skipped="0">
  <reporter-output>
  </reporter-output>
  <suite started-at="2025-04-18T03:10:17 IST" name="Default suite" finished-at="2025-04-18T03:10:20 IST" duration-ms="2276">
    <groups>
    </groups>
    <test started-at="2025-04-18T03:10:17 IST" name="Default test" finished-at="2025-04-18T03:10:20 IST" duration-ms="2276">
      <class name="parsingXMLResponse.Approach3">
        <test-method signature="testXMLResponse()[pri:0, instance:parsingXMLResponse.Approach3@55b699ef]" started-at="2025-04-18T03:10:17 IST" name="testXMLResponse" finished-at="2025-04-18T03:10:20 IST" duration-ms="2238" status="PASS">
          <reporter-output>
          </reporter-output>
        </test-method> <!-- testXMLResponse -->
      </class> <!-- parsingXMLResponse.Approach3 -->
    </test> <!-- Default test -->
  </suite> <!-- Default suite -->
</testng-results>
