<?xml version="1.0" encoding="UTF-8"?>
<testng-results ignored="0" total="1" passed="1" failed="0" skipped="0">
  <reporter-output>
  </reporter-output>
  <suite started-at="2025-04-21T02:31:18 IST" name="Default suite" finished-at="2025-04-21T02:31:19 IST" duration-ms="476">
    <groups>
    </groups>
    <test started-at="2025-04-21T02:31:18 IST" name="Default test" finished-at="2025-04-21T02:31:19 IST" duration-ms="476">
      <class name="serializationDeserialization.SerializationDeserialization">
        <test-method signature="convertJson2Pojo()[pri:0, instance:serializationDeserialization.SerializationDeserialization@5c6648b0]" started-at="2025-04-21T02:31:18 IST" name="convertJson2Pojo" finished-at="2025-04-21T02:31:19 IST" duration-ms="406" status="PASS">
          <reporter-output>
          </reporter-output>
        </test-method> <!-- convertJson2Pojo -->
      </class> <!-- serializationDeserialization.SerializationDeserialization -->
    </test> <!-- Default test -->
  </suite> <!-- Default suite -->
</testng-results>
